<?xml version="1.0" encoding="UTF-8"?>
<testng-results ignored="0" total="3" passed="3" failed="0" skipped="0">
  <reporter-output>
  </reporter-output>
  <suite started-at="2019-10-03T18:08:25 PDT" name="TestNG Demo" finished-at="2019-10-03T18:08:28 PDT" duration-ms="3122">
    <groups>
    </groups>
    <test started-at="2019-10-03T18:08:25 PDT" name="TestC" finished-at="2019-10-03T18:08:28 PDT" duration-ms="3118">
      <class name="TestC">
        <test-method signature="testb()[pri:0, instance:TestC@4f638935]" started-at="2019-10-03T18:08:25 PDT" name="testb" finished-at="2019-10-03T18:08:28 PDT" duration-ms="3030" status="PASS">
          <reporter-output>
          </reporter-output>
        </test-method> <!-- testb -->
      </class> <!-- TestC -->
    </test> <!-- TestC -->
    <test started-at="2019-10-03T18:08:25 PDT" name="TestB" finished-at="2019-10-03T18:08:28 PDT" duration-ms="3122">
      <class name="Testb">
        <test-method signature="testb()[pri:0, instance:Testb@a4102b8]" started-at="2019-10-03T18:08:25 PDT" name="testb" finished-at="2019-10-03T18:08:28 PDT" duration-ms="3031" status="PASS">
          <reporter-output>
          </reporter-output>
        </test-method> <!-- testb -->
      </class> <!-- Testb -->
    </test> <!-- TestB -->
    <test started-at="2019-10-03T18:08:25 PDT" name="TestA" finished-at="2019-10-03T18:08:28 PDT" duration-ms="3120">
      <class name="TestA">
        <test-method signature="testA()[pri:0, instance:TestA@358c99f5]" started-at="2019-10-03T18:08:25 PDT" name="testA" finished-at="2019-10-03T18:08:28 PDT" duration-ms="3030" status="PASS">
          <reporter-output>
          </reporter-output>
        </test-method> <!-- testA -->
      </class> <!-- TestA -->
    </test> <!-- TestA -->
  </suite> <!-- TestNG Demo -->
</testng-results>
